<?xml version="1.0" encoding="UTF-8"?>
<testng-results skipped="0" failed="0" ignored="0" total="1" passed="1">
  <reporter-output>
  </reporter-output>
  <suite name="Default suite" duration-ms="54315" started-at="2022-08-25T06:47:38Z" finished-at="2022-08-25T06:48:33Z">
    <groups>
    </groups>
    <test name="Default test" duration-ms="54315" started-at="2022-08-25T06:47:38Z" finished-at="2022-08-25T06:48:33Z">
      <class name="general.Shop123.Ecomerce_tc_5">
        <test-method status="PASS" signature="ConfigureAppium()[pri:0, instance:general.Shop123.Ecomerce_tc_5@31ef45e3]" name="ConfigureAppium" is-config="true" duration-ms="9442" started-at="2022-08-25T06:47:38Z" finished-at="2022-08-25T06:47:48Z">
          <reporter-output>
          </reporter-output>
        </test-method> <!-- ConfigureAppium -->
        <test-method status="PASS" signature="fillform()[pri:0, instance:general.Shop123.Ecomerce_tc_5@31ef45e3]" name="fillform" duration-ms="44226" started-at="2022-08-25T06:47:48Z" finished-at="2022-08-25T06:48:32Z">
          <reporter-output>
          </reporter-output>
        </test-method> <!-- fillform -->
        <test-method status="PASS" signature="close()[pri:0, instance:general.Shop123.Ecomerce_tc_5@31ef45e3]" name="close" is-config="true" duration-ms="634" started-at="2022-08-25T06:48:32Z" finished-at="2022-08-25T06:48:33Z">
          <reporter-output>
          </reporter-output>
        </test-method> <!-- close -->
      </class> <!-- general.Shop123.Ecomerce_tc_5 -->
    </test> <!-- Default test -->
  </suite> <!-- Default suite -->
</testng-results>
